\BOOKMARK [0][-]{chapter*.4}{\376\377\000L\001\063\000s\000t\000\040\000v\000a\000n\000\040\000f\000i\000g\000u\000r\000e\000n}{}% 1
\BOOKMARK [0][-]{chapter*.5}{\376\377\000L\001\063\000s\000t\000\040\000v\000a\000n\000\040\000t\000a\000b\000e\000l\000l\000e\000n}{}% 2
\BOOKMARK [0][-]{section*.6}{\376\377\000L\000i\000j\000s\000t\000\040\000v\000a\000n\000\040\000c\000o\000d\000e\000f\000r\000a\000g\000m\000e\000n\000t\000e\000n\000\040}{}% 3
\BOOKMARK [0][-]{chapter.1}{\376\377\000I\000n\000l\000e\000i\000d\000i\000n\000g}{}% 4
\BOOKMARK [1][-]{section.1.1}{\376\377\000P\000r\000o\000b\000l\000e\000e\000m\000s\000t\000e\000l\000l\000i\000n\000g}{chapter.1}% 5
\BOOKMARK [1][-]{section.1.2}{\376\377\000O\000n\000d\000e\000r\000z\000o\000e\000k\000s\000v\000r\000a\000a\000g}{chapter.1}% 6
\BOOKMARK [1][-]{section.1.3}{\376\377\000O\000n\000d\000e\000r\000z\000o\000e\000k\000s\000d\000o\000e\000l\000s\000t\000e\000l\000l\000i\000n\000g}{chapter.1}% 7
\BOOKMARK [1][-]{section.1.4}{\376\377\000O\000p\000z\000e\000t\000\040\000v\000a\000n\000\040\000d\000e\000z\000e\000\040\000b\000a\000c\000h\000e\000l\000o\000r\000p\000r\000o\000e\000f}{chapter.1}% 8
\BOOKMARK [0][-]{chapter.2}{\376\377\000S\000t\000a\000n\000d\000\040\000v\000a\000n\000\040\000z\000a\000k\000e\000n}{}% 9
\BOOKMARK [0][-]{chapter.3}{\376\377\000M\000e\000t\000h\000o\000d\000o\000l\000o\000g\000i\000e}{}% 10
\BOOKMARK [1][-]{section.3.1}{\376\377\000G\000o\000o\000g\000l\000e\000\040\000S\000c\000h\000o\000l\000a\000r\000\040\000z\000o\000e\000k\000o\000p\000d\000r\000a\000c\000h\000t}{chapter.3}% 11
\BOOKMARK [1][-]{section.3.2}{\376\377\000P\000a\000r\000s\000e\000n\000\040\000v\000a\000n\000\040\000G\000o\000o\000g\000l\000e\000\040\000S\000c\000h\000o\000l\000a\000r\000\040\000z\000o\000e\000k\000r\000e\000s\000u\000l\000t\000a\000a\000t}{chapter.3}% 12
\BOOKMARK [1][-]{section.3.3}{\376\377\000C\000r\000o\000s\000s\000r\000e\000f}{chapter.3}% 13
\BOOKMARK [1][-]{section.3.4}{\376\377\000N\000a\000t\000u\000r\000a\000l\000\040\000l\000a\000n\000g\000u\000a\000g\000e\000\040\000p\000r\000o\000c\000e\000s\000s\000i\000n\000g}{chapter.3}% 14
\BOOKMARK [1][-]{section.3.5}{\376\377\000I\000M\000I\000S\000-\000i\000n\000p\000u\000t}{chapter.3}% 15
\BOOKMARK [0][-]{chapter.4}{\376\377\000G\000o\000o\000g\000l\000e\000\040\000S\000c\000h\000o\000l\000a\000r\000\040\000a\000l\000e\000r\000t}{}% 16
\BOOKMARK [1][-]{section.4.1}{\376\377\000G\000o\000o\000g\000l\000e\000\040\000S\000c\000h\000o\000l\000a\000r\000\040\000a\000l\000e\000r\000t\000s}{chapter.4}% 17
\BOOKMARK [0][-]{chapter.5}{\376\377\000W\000e\000b\000\040\000s\000c\000r\000a\000p\000i\000n\000g}{}% 18
\BOOKMARK [1][-]{section.5.1}{\376\377\000W\000e\000b\000\040\000s\000c\000r\000a\000p\000i\000n\000g}{chapter.5}% 19
\BOOKMARK [1][-]{section.5.2}{\376\377\000O\000p\000e\000n\000A\000I\000:\000\040\000b\000e\000t\000a\000l\000e\000n\000d\000\040\000o\000n\000l\000i\000n\000e\000\040\000m\000o\000d\000e\000l}{chapter.5}% 20
\BOOKMARK [1][-]{section.5.3}{\376\377\000A\000n\000t\000h\000r\000o\000p\000i\000c\000:\000\040\000n\000i\000e\000t\000\040\000b\000e\000t\000a\000l\000e\000n\000d\000\040\000o\000n\000l\000i\000n\000e\000\040\000m\000o\000d\000e\000l}{chapter.5}% 21
\BOOKMARK [1][-]{section.5.4}{\376\377\000D\000o\000e\000l\000s\000t\000e\000l\000l\000i\000n\000g}{chapter.5}% 22
\BOOKMARK [2][-]{subsection.5.4.1}{\376\377\000E\000-\000m\000a\000i\000l\000\040\000l\000e\000z\000e\000n}{section.5.4}% 23
\BOOKMARK [2][-]{subsection.5.4.2}{\376\377\000B\000o\000d\000y\000\040\000v\000a\000n\000\040\000d\000e\000\040\000e\000-\000m\000a\000i\000l\000\040\000p\000a\000r\000s\000e\000n}{section.5.4}% 24
\BOOKMARK [2][-]{subsection.5.4.3}{\376\377\000D\000O\000I\000\040\000o\000p\000z\000o\000e\000k\000e\000n\000\040\000i\000n\000\040\000d\000e\000\040\000l\000i\000n\000k\000\040\000v\000a\000n\000\040\000h\000e\000t\000\040\000g\000e\000p\000a\000r\000s\000e\000t\000e\000\040\000r\000e\000s\000u\000l\000t\000a\000a\000t}{section.5.4}% 25
\BOOKMARK [1][-]{section.5.5}{\376\377\000A\000n\000a\000l\000y\000s\000e}{chapter.5}% 26
\BOOKMARK [2][-]{subsection.5.5.1}{\376\377\000U\000s\000e\000\040\000C\000a\000s\000e\000s}{section.5.5}% 27
\BOOKMARK [2][-]{subsection.5.5.2}{\376\377\000D\000o\000m\000e\000i\000n\000m\000o\000d\000e\000l}{section.5.5}% 28
\BOOKMARK [1][-]{section.5.6}{\376\377\000I\000m\000p\000l\000e\000m\000e\000n\000t\000a\000t\000i\000e}{chapter.5}% 29
\BOOKMARK [2][-]{subsection.5.6.1}{\376\377\000E\000-\000m\000a\000i\000l\000\040\000l\000e\000z\000e\000n}{section.5.6}% 30
\BOOKMARK [2][-]{subsection.5.6.2}{\376\377\000B\000o\000d\000y\000\040\000v\000a\000n\000\040\000d\000e\000\040\000e\000-\000m\000a\000i\000l\000\040\000p\000a\000r\000s\000e\000n}{section.5.6}% 31
\BOOKMARK [2][-]{subsection.5.6.3}{\376\377\000D\000O\000I\000\040\000o\000p\000z\000o\000e\000k\000e\000n\000\040\000i\000n\000\040\000d\000e\000\040\000l\000i\000n\000k\000\040\000v\000a\000n\000\040\000h\000e\000t\000\040\000g\000e\000p\000a\000r\000s\000e\000t\000e\000\040\000r\000e\000s\000u\000l\000t\000a\000a\000t}{section.5.6}% 32
\BOOKMARK [1][-]{section.5.7}{\376\377\000R\000e\000s\000u\000l\000t\000a\000a\000t}{chapter.5}% 33
\BOOKMARK [2][-]{subsection.5.7.1}{\376\377\000E\000-\000m\000a\000i\000l\000\040\000l\000e\000z\000e\000n}{section.5.7}% 34
\BOOKMARK [2][-]{subsection.5.7.2}{\376\377\000B\000o\000d\000y\000\040\000v\000a\000n\000\040\000d\000e\000\040\000e\000-\000m\000a\000i\000l\000\040\000p\000a\000r\000s\000e\000n}{section.5.7}% 35
\BOOKMARK [2][-]{subsection.5.7.3}{\376\377\000D\000O\000I\000\040\000o\000p\000z\000o\000e\000k\000e\000n\000\040\000i\000n\000\040\000d\000e\000\040\000l\000i\000n\000k\000\040\000v\000a\000n\000\040\000h\000e\000t\000\040\000g\000e\000p\000a\000r\000s\000e\000t\000e\000\040\000r\000e\000s\000u\000l\000t\000a\000a\000t}{section.5.7}% 36
\BOOKMARK [0][-]{chapter.6}{\376\377\000C\000r\000o\000s\000s\000r\000e\000f}{}% 37
\BOOKMARK [1][-]{section.6.1}{\376\377\000D\000o\000e\000l\000s\000t\000e\000l\000l\000i\000n\000g}{chapter.6}% 38
\BOOKMARK [1][-]{section.6.2}{\376\377\000A\000n\000a\000l\000y\000s\000e}{chapter.6}% 39
\BOOKMARK [1][-]{section.6.3}{\376\377\000I\000m\000p\000l\000e\000m\000e\000n\000t\000a\000t\000i\000e}{chapter.6}% 40
\BOOKMARK [1][-]{section.6.4}{\376\377\000R\000e\000s\000u\000l\000t\000a\000a\000t}{chapter.6}% 41
\BOOKMARK [0][-]{chapter.7}{\376\377\000N\000a\000t\000u\000r\000a\000l\000\040\000l\000a\000n\000g\000u\000a\000g\000e\000\040\000p\000r\000o\000c\000e\000s\000s\000i\000n\000g}{}% 42
\BOOKMARK [1][-]{section.7.1}{\376\377\000D\000o\000e\000l\000s\000t\000e\000l\000l\000i\000n\000g}{chapter.7}% 43
\BOOKMARK [1][-]{section.7.2}{\376\377\000A\000n\000a\000l\000y\000s\000e}{chapter.7}% 44
\BOOKMARK [1][-]{section.7.3}{\376\377\000I\000m\000p\000l\000e\000m\000e\000n\000t\000a\000t\000i\000e}{chapter.7}% 45
\BOOKMARK [1][-]{section.7.4}{\376\377\000R\000e\000s\000u\000l\000t\000a\000a\000t}{chapter.7}% 46
\BOOKMARK [0][-]{chapter.8}{\376\377\000I\000M\000I\000S\000-\000i\000n\000p\000u\000t}{}% 47
\BOOKMARK [1][-]{section.8.1}{\376\377\000D\000o\000e\000l\000s\000t\000e\000l\000l\000i\000n\000g}{chapter.8}% 48
\BOOKMARK [1][-]{section.8.2}{\376\377\000A\000n\000a\000l\000y\000s\000e}{chapter.8}% 49
\BOOKMARK [1][-]{section.8.3}{\376\377\000I\000m\000p\000l\000e\000m\000e\000n\000t\000a\000t\000i\000e}{chapter.8}% 50
\BOOKMARK [1][-]{section.8.4}{\376\377\000R\000e\000s\000u\000l\000t\000a\000a\000t}{chapter.8}% 51
\BOOKMARK [0][-]{chapter.9}{\376\377\000G\000o\000o\000g\000l\000e\000\040\000S\000c\000h\000o\000l\000a\000r\000\040\000z\000o\000e\000k\000o\000p\000d\000r\000a\000c\000h\000t}{}% 52
\BOOKMARK [1][-]{section.9.1}{\376\377\000Z\000o\000e\000k\000e\000n\000\040\000i\000n\000\040\000G\000o\000o\000g\000l\000e\000\040\000S\000c\000h\000o\000l\000a\000r\000\040\000J\000o\000h\000n\000S\000B\000a\000i\000l\000e\000y\0002\0000\0002\0005}{chapter.9}% 53
\BOOKMARK [2][-]{subsection.9.1.1}{\376\377\000B\000a\000s\000i\000s\000\040\000z\000o\000e\000k\000e\000n}{section.9.1}% 54
\BOOKMARK [2][-]{subsection.9.1.2}{\376\377\000G\000e\000\344\000v\000a\000n\000c\000e\000e\000r\000d\000\040\000z\000o\000e\000k\000e\000n}{section.9.1}% 55
\BOOKMARK [1][-]{section.9.2}{\376\377\000E\000-\000m\000a\000i\000l\000\040\000a\000l\000e\000r\000t\000s}{chapter.9}% 56
\BOOKMARK [1][-]{section.9.3}{\376\377\000O\000p\000s\000t\000e\000l\000l\000e\000n\000\040\000v\000a\000n\000\040\000e\000e\000n\000\040\000z\000o\000e\000k\000o\000p\000d\000r\000a\000c\000h\000t}{chapter.9}% 57
\BOOKMARK [0][-]{chapter.10}{\376\377\000P\000a\000r\000s\000e\000n\000\040\000v\000a\000n\000\040\000G\000o\000o\000g\000l\000e\000\040\000S\000c\000h\000o\000l\000a\000r\000\040\000z\000o\000e\000k\000r\000e\000s\000u\000l\000t\000a\000t\000e\000n}{}% 58
\BOOKMARK [1][-]{section.10.1}{\376\377\000D\000o\000e\000l\000s\000t\000e\000l\000l\000i\000n\000g}{chapter.10}% 59
\BOOKMARK [2][-]{subsection.10.1.1}{\376\377\000E\000-\000m\000a\000i\000l\000\040\000l\000e\000z\000e\000n}{section.10.1}% 60
\BOOKMARK [2][-]{subsection.10.1.2}{\376\377\000B\000o\000d\000y\000\040\000v\000a\000n\000\040\000d\000e\000\040\000e\000-\000m\000a\000i\000l\000\040\000p\000a\000r\000s\000e\000n}{section.10.1}% 61
\BOOKMARK [2][-]{subsection.10.1.3}{\376\377\000D\000O\000I\000\040\000o\000p\000z\000o\000e\000k\000e\000n\000\040\000i\000n\000\040\000d\000e\000\040\000l\000i\000n\000k\000\040\000v\000a\000n\000\040\000h\000e\000t\000\040\000g\000e\000p\000a\000r\000s\000e\000t\000e\000\040\000r\000e\000s\000u\000l\000t\000a\000a\000t}{section.10.1}% 62
\BOOKMARK [1][-]{section.10.2}{\376\377\000A\000n\000a\000l\000y\000s\000e}{chapter.10}% 63
\BOOKMARK [2][-]{subsection.10.2.1}{\376\377\000U\000s\000e\000\040\000C\000a\000s\000e\000s}{section.10.2}% 64
\BOOKMARK [2][-]{subsection.10.2.2}{\376\377\000D\000o\000m\000e\000i\000n\000m\000o\000d\000e\000l}{section.10.2}% 65
\BOOKMARK [1][-]{section.10.3}{\376\377\000I\000m\000p\000l\000e\000m\000e\000n\000t\000a\000t\000i\000e}{chapter.10}% 66
\BOOKMARK [2][-]{subsection.10.3.1}{\376\377\000E\000-\000m\000a\000i\000l\000\040\000l\000e\000z\000e\000n}{section.10.3}% 67
\BOOKMARK [2][-]{subsection.10.3.2}{\376\377\000B\000o\000d\000y\000\040\000v\000a\000n\000\040\000d\000e\000\040\000e\000-\000m\000a\000i\000l\000\040\000p\000a\000r\000s\000e\000n}{section.10.3}% 68
\BOOKMARK [2][-]{subsection.10.3.3}{\376\377\000D\000O\000I\000\040\000o\000p\000z\000o\000e\000k\000e\000n\000\040\000i\000n\000\040\000d\000e\000\040\000l\000i\000n\000k\000\040\000v\000a\000n\000\040\000h\000e\000t\000\040\000g\000e\000p\000a\000r\000s\000e\000t\000e\000\040\000r\000e\000s\000u\000l\000t\000a\000a\000t}{section.10.3}% 69
\BOOKMARK [1][-]{section.10.4}{\376\377\000R\000e\000s\000u\000l\000t\000a\000a\000t}{chapter.10}% 70
\BOOKMARK [2][-]{subsection.10.4.1}{\376\377\000E\000-\000m\000a\000i\000l\000\040\000l\000e\000z\000e\000n}{section.10.4}% 71
\BOOKMARK [2][-]{subsection.10.4.2}{\376\377\000B\000o\000d\000y\000\040\000v\000a\000n\000\040\000d\000e\000\040\000e\000-\000m\000a\000i\000l\000\040\000p\000a\000r\000s\000e\000n}{section.10.4}% 72
\BOOKMARK [2][-]{subsection.10.4.3}{\376\377\000D\000O\000I\000\040\000o\000p\000z\000o\000e\000k\000e\000n\000\040\000i\000n\000\040\000d\000e\000\040\000l\000i\000n\000k\000\040\000v\000a\000n\000\040\000h\000e\000t\000\040\000g\000e\000p\000a\000r\000s\000e\000t\000e\000\040\000r\000e\000s\000u\000l\000t\000a\000a\000t}{section.10.4}% 73
\BOOKMARK [0][-]{chapter.11}{\376\377\000C\000o\000n\000c\000l\000u\000s\000i\000e}{}% 74
\BOOKMARK [0][-]{appendix.A}{\376\377\000O\000n\000d\000e\000r\000z\000o\000e\000k\000s\000v\000o\000o\000r\000s\000t\000e\000l}{}% 75
\BOOKMARK [1][-]{section.A.1}{\376\377\000I\000n\000l\000e\000i\000d\000i\000n\000g}{appendix.A}% 76
\BOOKMARK [1][-]{section.A.2}{\376\377\000L\000i\000t\000e\000r\000a\000t\000u\000u\000r\000s\000t\000u\000d\000i\000e}{appendix.A}% 77
\BOOKMARK [1][-]{section.A.3}{\376\377\000M\000e\000t\000h\000o\000d\000o\000l\000o\000g\000i\000e}{appendix.A}% 78
\BOOKMARK [1][-]{section.A.4}{\376\377\000V\000e\000r\000w\000a\000c\000h\000t\000\040\000r\000e\000s\000u\000l\000t\000a\000a\000t\000,\000\040\000c\000o\000n\000c\000l\000u\000s\000i\000e}{appendix.A}% 79
\BOOKMARK [0][-]{appendix*.52}{\376\377\000B\000i\000b\000l\000i\000o\000g\000r\000a\000f\000i\000e}{}% 80
